{"/Users/mariaionova/Desktop/Working/JavaScript-Playground/exercises/14-jest/js/cloneArray.js": {"path":"/Users/mariaionova/Desktop/Working/JavaScript-Playground/exercises/14-jest/js/cloneArray.js","statementMap":{"0":{"start":{"line":3,"column":2},"end":{"line":3,"column":19}},"1":{"start":{"line":6,"column":0},"end":{"line":6,"column":27}}},"fnMap":{"0":{"name":"cloneArray","decl":{"start":{"line":1,"column":9},"end":{"line":1,"column":19}},"loc":{"start":{"line":1,"column":27},"end":{"line":4,"column":1}},"line":1}},"branchMap":{},"s":{"0":2,"1":1},"f":{"0":2},"b":{},"_coverageSchema":"1a1c01bbd47fc00a2c39e90264f33305004495a9","hash":"c77e484c488396c11bc9ebb1221aa5d978de6932"}
,"/Users/mariaionova/Desktop/Working/JavaScript-Playground/exercises/14-jest/js/multiply.js": {"path":"/Users/mariaionova/Desktop/Working/JavaScript-Playground/exercises/14-jest/js/multiply.js","statementMap":{"0":{"start":{"line":2,"column":2},"end":{"line":2,"column":14}},"1":{"start":{"line":5,"column":0},"end":{"line":5,"column":25}}},"fnMap":{"0":{"name":"multiply","decl":{"start":{"line":1,"column":9},"end":{"line":1,"column":17}},"loc":{"start":{"line":1,"column":24},"end":{"line":3,"column":1}},"line":1}},"branchMap":{},"s":{"0":1,"1":1},"f":{"0":1},"b":{},"_coverageSchema":"1a1c01bbd47fc00a2c39e90264f33305004495a9","hash":"2dd3e4b266b73379195f19425fb40c91f59fda4d"}
,"/Users/mariaionova/Desktop/Working/JavaScript-Playground/exercises/14-jest/js/subtract.js": {"path":"/Users/mariaionova/Desktop/Working/JavaScript-Playground/exercises/14-jest/js/subtract.js","statementMap":{"0":{"start":{"line":2,"column":2},"end":{"line":2,"column":14}},"1":{"start":{"line":5,"column":0},"end":{"line":5,"column":25}}},"fnMap":{"0":{"name":"subtract","decl":{"start":{"line":1,"column":9},"end":{"line":1,"column":17}},"loc":{"start":{"line":1,"column":24},"end":{"line":3,"column":1}},"line":1}},"branchMap":{},"s":{"0":1,"1":1},"f":{"0":1},"b":{},"_coverageSchema":"1a1c01bbd47fc00a2c39e90264f33305004495a9","hash":"c3780342653f9922e3464181cef15868b33df48a"}
,"/Users/mariaionova/Desktop/Working/JavaScript-Playground/exercises/14-jest/js/sum.js": {"path":"/Users/mariaionova/Desktop/Working/JavaScript-Playground/exercises/14-jest/js/sum.js","statementMap":{"0":{"start":{"line":2,"column":2},"end":{"line":2,"column":14}},"1":{"start":{"line":5,"column":0},"end":{"line":5,"column":20}}},"fnMap":{"0":{"name":"sum","decl":{"start":{"line":1,"column":9},"end":{"line":1,"column":12}},"loc":{"start":{"line":1,"column":19},"end":{"line":3,"column":1}},"line":1}},"branchMap":{},"s":{"0":1,"1":1},"f":{"0":1},"b":{},"_coverageSchema":"1a1c01bbd47fc00a2c39e90264f33305004495a9","hash":"5f00fd8f6e7c6f836e2d597b51c523ce79183974"}
}
